<?xml version="1.0" encoding="UTF-8"?>
<!-- Generated by org.testng.reporters.JUnitReportReporter -->
<testsuite name="br.com.rsinet.hub_tdd.testes.ConsultarProdutoHome" tests="2" time="46.082" ignored="0" failures="0" timestamp="12 Feb 2020 21:25:02 GMT" skipped="0" hostname="RSI1569" errors="0">
  <testcase name="validandoQuantidadeErrada" time="31.367" classname="br.com.rsinet.hub_tdd.testes.ConsultarProdutoHome"/>
  <testcase name="pesquisaProdutoTela" time="14.715" classname="br.com.rsinet.hub_tdd.testes.ConsultarProdutoHome"/>
</testsuite> <!-- br.com.rsinet.hub_tdd.testes.ConsultarProdutoHome -->
