<?xml version="1.0" encoding="UTF-8"?>
<!-- Generated by org.testng.reporters.JUnitReportReporter -->
<testsuite name="br.com.rsinet.hub_tdd.testes.ConsultarProdutoLupa" tests="2" time="33.526" ignored="0" failures="0" timestamp="12 Feb 2020 21:25:02 GMT" skipped="0" hostname="RSI1569" errors="0">
  <testcase name="pesquisaProdutoCampo" time="18.272" classname="br.com.rsinet.hub_tdd.testes.ConsultarProdutoLupa"/>
  <testcase name="pesquisarProdutoInexistente" time="15.254" classname="br.com.rsinet.hub_tdd.testes.ConsultarProdutoLupa"/>
</testsuite> <!-- br.com.rsinet.hub_tdd.testes.ConsultarProdutoLupa -->
