<?xml version="1.0" encoding="UTF-8"?>
<!-- Generated by org.testng.reporters.JUnitReportReporter -->
<testsuite name="br.com.rsinet.hub_tdd.testes.TesteFormulario" tests="2" time="66.741" ignored="0" failures="0" timestamp="10 Feb 2020 13:10:41 GMT" skipped="0" hostname="RSI1569" errors="0">
  <testcase name="deveCadastrarUmUsuario" time="46.846" classname="br.com.rsinet.hub_tdd.testes.TesteFormulario"/>
  <testcase name="validarBotaoRegistrarDesabilitadoSemDadosPreenchidos" time="19.895" classname="br.com.rsinet.hub_tdd.testes.TesteFormulario"/>
</testsuite> <!-- br.com.rsinet.hub_tdd.testes.TesteFormulario -->
