<?xml version="1.0" encoding="UTF-8"?>
<!-- Generated by org.testng.reporters.JUnitReportReporter -->
<testsuite name="br.com.rsinet.hub_tdd.testes.ConsultarProdutoHome" tests="2" time="45.562" ignored="0" failures="0" timestamp="10 Feb 2020 13:59:03 GMT" skipped="0" hostname="RSI1569" errors="0">
  <testcase name="pesquisaProdutoTela" time="14.297" classname="br.com.rsinet.hub_tdd.testes.ConsultarProdutoHome"/>
  <testcase name="validandoQuantidadeErrada" time="31.265" classname="br.com.rsinet.hub_tdd.testes.ConsultarProdutoHome"/>
</testsuite> <!-- br.com.rsinet.hub_tdd.testes.ConsultarProdutoHome -->
