<?xml version="1.0" encoding="UTF-8"?>
<!-- Generated by org.testng.reporters.JUnitReportReporter -->
<testsuite skipped="0" hostname="RSI1569" name="br.com.rsinet.hub_tdd.testes.TesteFormulario" tests="1" failures="0" timestamp="2020-02-04T15:19:38 BRST" time="40.738" errors="0">
  <testcase name="deveCadastrarUmUsuario" time="40.738" classname="br.com.rsinet.hub_tdd.testes.TesteFormulario"/>
</testsuite> <!-- br.com.rsinet.hub_tdd.testes.TesteFormulario -->
