<?xml version="1.0" encoding="UTF-8"?>
<!-- Generated by org.testng.reporters.JUnitReportReporter -->
<testsuite name="br.com.rsinet.hub_tdd.testes.ConsultarProdutoLupa" tests="1" time="17.814" ignored="1" failures="0" timestamp="10 Feb 2020 13:37:14 GMT" skipped="0" hostname="RSI1569" errors="0">
  <testcase name="pesquisaProdutoCampo" time="17.814" classname="br.com.rsinet.hub_tdd.testes.ConsultarProdutoLupa"/>
  <testcase name="pesquisarProdutoInexistente" classname="br.com.rsinet.hub_tdd.testes.ConsultarProdutoLupa">
    <skipped/>
  </testcase> <!-- pesquisarProdutoInexistente -->
</testsuite> <!-- br.com.rsinet.hub_tdd.testes.ConsultarProdutoLupa -->
