<?xml version="1.0" encoding="UTF-8"?>
<!-- Generated by org.testng.reporters.JUnitReportReporter -->
<testsuite name="br.com.rsinet.hub_tdd.testes.TesteFormulario" tests="2" time="66.284" ignored="0" failures="0" timestamp="07 Feb 2020 20:28:49 GMT" skipped="0" hostname="RSI1569" errors="0">
  <testcase name="validarBotaoRegistrarDesabilitadoSemDadosPreenchidos" time="19.322" classname="br.com.rsinet.hub_tdd.testes.TesteFormulario"/>
  <testcase name="deveCadastrarUmUsuario" time="46.962" classname="br.com.rsinet.hub_tdd.testes.TesteFormulario"/>
</testsuite> <!-- br.com.rsinet.hub_tdd.testes.TesteFormulario -->
