<?xml version="1.0" encoding="UTF-8"?>
<!-- Generated by org.testng.reporters.JUnitReportReporter -->
<testsuite name="br.com.rsinet.hub_tdd.testes.ConsultaProdutoLupa" tests="1" time="15.962" ignored="1" failures="0" timestamp="06 fev 2020 15:17:20 GMT" skipped="0" hostname="RSI1569" errors="0">
  <testcase name="pesquisaProdutoCampo" time="15.962" classname="br.com.rsinet.hub_tdd.testes.ConsultaProdutoLupa"/>
  <testcase name="pesquisarProdutoInexistente" classname="br.com.rsinet.hub_tdd.testes.ConsultaProdutoLupa">
    <skipped/>
  </testcase> <!-- pesquisarProdutoInexistente -->
</testsuite> <!-- br.com.rsinet.hub_tdd.testes.ConsultaProdutoLupa -->
