<?xml version="1.0" encoding="UTF-8"?>
<!-- Generated by org.testng.reporters.JUnitReportReporter -->
<testsuite name="br.com.rsinet.hub_tdd.testes.TesteFormulario" tests="2" time="64.611" ignored="0" failures="0" timestamp="05 Feb 2020 16:39:13 GMT" skipped="0" hostname="RSI1569" errors="0">
  <testcase name="validarBotaoRegistrarDesabilitadoSemDadosPreenchidos" time="20.121" classname="br.com.rsinet.hub_tdd.testes.TesteFormulario"/>
  <testcase name="deveCadastrarUmUsuario" time="44.490" classname="br.com.rsinet.hub_tdd.testes.TesteFormulario"/>
</testsuite> <!-- br.com.rsinet.hub_tdd.testes.TesteFormulario -->
