<?xml version="1.0" encoding="UTF-8"?>
<!-- Generated by org.testng.reporters.JUnitReportReporter -->
<testsuite name="br.com.rsinet.hub_tdd.testes.ConsultarProdutoLupa" tests="2" time="32.131" ignored="0" failures="0" timestamp="10 Feb 2020 13:59:03 GMT" skipped="0" hostname="RSI1569" errors="0">
  <testcase name="pesquisaProdutoCampo" time="17.974" classname="br.com.rsinet.hub_tdd.testes.ConsultarProdutoLupa"/>
  <testcase name="pesquisarProdutoInexistente" time="14.157" classname="br.com.rsinet.hub_tdd.testes.ConsultarProdutoLupa"/>
</testsuite> <!-- br.com.rsinet.hub_tdd.testes.ConsultarProdutoLupa -->
