<?xml version="1.0" encoding="UTF-8"?>
<!-- Generated by org.testng.reporters.JUnitReportReporter -->
<testsuite name="br.com.rsinet.hub_tdd.testes.TesteFormulario" tests="2" time="69.949" ignored="0" failures="0" timestamp="10 Feb 2020 13:59:03 GMT" skipped="0" hostname="RSI1569" errors="0">
  <testcase name="deveCadastrarUmUsuario" time="50.999" classname="br.com.rsinet.hub_tdd.testes.TesteFormulario"/>
  <testcase name="validarBotaoRegistrarDesabilitadoSemDadosPreenchidos" time="18.950" classname="br.com.rsinet.hub_tdd.testes.TesteFormulario"/>
</testsuite> <!-- br.com.rsinet.hub_tdd.testes.TesteFormulario -->
