<?xml version="1.0" encoding="UTF-8"?>
<!-- Generated by org.testng.reporters.JUnitReportReporter -->
<testsuite name="br.com.rsinet.hub_tdd.testes.ConsultaProdutoLupa" tests="2" time="28.774" ignored="0" failures="0" timestamp="06 fev 2020 12:27:28 GMT" skipped="0" hostname="RSI1569" errors="0">
  <testcase name="pesquisaProdutoCampo" time="15.308" classname="br.com.rsinet.hub_tdd.testes.ConsultaProdutoLupa"/>
  <testcase name="pesquisarProdutoInexistente" time="13.466" classname="br.com.rsinet.hub_tdd.testes.ConsultaProdutoLupa"/>
</testsuite> <!-- br.com.rsinet.hub_tdd.testes.ConsultaProdutoLupa -->
