<?xml version="1.0" encoding="UTF-8"?>
<!-- Generated by org.testng.reporters.JUnitReportReporter -->
<testsuite name="br.com.rsinet.hub_tdd.testes.TesteFormulario" tests="2" time="65.787" ignored="0" failures="0" timestamp="12 Feb 2020 21:25:02 GMT" skipped="0" hostname="RSI1569" errors="0">
  <testcase name="deveCadastrarUmUsuario" time="48.476" classname="br.com.rsinet.hub_tdd.testes.TesteFormulario"/>
  <testcase name="validarBotaoRegistrarDesabilitadoSemDadosPreenchidos" time="17.311" classname="br.com.rsinet.hub_tdd.testes.TesteFormulario"/>
</testsuite> <!-- br.com.rsinet.hub_tdd.testes.TesteFormulario -->
